This is pdfTeX, Version 3.14159265-2.6-1.40.19 (TeX Live 2018) (preloaded format=pdflatex 2018.4.16)  20 MAR 2019 16:51
entering extended mode
 restricted \write18 enabled.
 %&-line parsing enabled.
**paper.tex
(./paper.tex
LaTeX2e <2018-04-01> patch level 2
Babel <3.18> and hyphenation patterns for 84 language(s) loaded.
(/usr/local/texlive/2018/texmf-dist/tex/latex/base/article.cls
Document Class: article 2014/09/29 v1.4h Standard LaTeX document class
(/usr/local/texlive/2018/texmf-dist/tex/latex/base/size12.clo
File: size12.clo 2014/09/29 v1.4h Standard LaTeX file (size option)
)
\c@part=\count80
\c@section=\count81
\c@subsection=\count82
\c@subsubsection=\count83
\c@paragraph=\count84
\c@subparagraph=\count85
\c@figure=\count86
\c@table=\count87
\abovecaptionskip=\skip41
\belowcaptionskip=\skip42
\bibindent=\dimen102
) (/usr/local/texlive/2018/texmf-dist/tex/latex/amsmath/amsmath.sty
Package: amsmath 2017/09/02 v2.17a AMS math features
\@mathmargin=\skip43
For additional information on amsmath, use the `?' option.
(/usr/local/texlive/2018/texmf-dist/tex/latex/amsmath/amstext.sty
Package: amstext 2000/06/29 v2.01 AMS text
(/usr/local/texlive/2018/texmf-dist/tex/latex/amsmath/amsgen.sty
File: amsgen.sty 1999/11/30 v2.0 generic functions
\@emptytoks=\toks14
\ex@=\dimen103
)) (/usr/local/texlive/2018/texmf-dist/tex/latex/amsmath/amsbsy.sty
Package: amsbsy 1999/11/29 v1.2d Bold Symbols
\pmbraise@=\dimen104
) (/usr/local/texlive/2018/texmf-dist/tex/latex/amsmath/amsopn.sty
Package: amsopn 2016/03/08 v2.02 operator names
)
\inf@bad=\count88
LaTeX Info: Redefining \frac on input line 213.
\uproot@=\count89
\leftroot@=\count90
LaTeX Info: Redefining \overline on input line 375.
\classnum@=\count91
\DOTSCASE@=\count92
LaTeX Info: Redefining \ldots on input line 472.
LaTeX Info: Redefining \dots on input line 475.
LaTeX Info: Redefining \cdots on input line 596.
\Mathstrutbox@=\box26
\strutbox@=\box27
\big@size=\dimen105
LaTeX Font Info:    Redeclaring font encoding OML on input line 712.
LaTeX Font Info:    Redeclaring font encoding OMS on input line 713.
\macc@depth=\count93
\c@MaxMatrixCols=\count94
\dotsspace@=\muskip10
\c@parentequation=\count95
\dspbrk@lvl=\count96
\tag@help=\toks15
\row@=\count97
\column@=\count98
\maxfields@=\count99
\andhelp@=\toks16
\eqnshift@=\dimen106
\alignsep@=\dimen107
\tagshift@=\dimen108
\tagwidth@=\dimen109
\totwidth@=\dimen110
\lineht@=\dimen111
\@envbody=\toks17
\multlinegap=\skip44
\multlinetaggap=\skip45
\mathdisplay@stack=\toks18
LaTeX Info: Redefining \[ on input line 2817.
LaTeX Info: Redefining \] on input line 2818.
) (/usr/local/texlive/2018/texmf-dist/tex/latex/geometry/geometry.sty
Package: geometry 2018/03/24 v5.7 Page Geometry
(/usr/local/texlive/2018/texmf-dist/tex/latex/graphics/keyval.sty
Package: keyval 2014/10/28 v1.15 key=value parser (DPC)
\KV@toks@=\toks19
) (/usr/local/texlive/2018/texmf-dist/tex/generic/oberdiek/ifpdf.sty
Package: ifpdf 2017/03/15 v3.2 Provides the ifpdf switch
) (/usr/local/texlive/2018/texmf-dist/tex/generic/oberdiek/ifvtex.sty
Package: ifvtex 2016/05/16 v1.6 Detect VTeX and its facilities (HO)
Package ifvtex Info: VTeX not detected.
) (/usr/local/texlive/2018/texmf-dist/tex/generic/ifxetex/ifxetex.sty
Package: ifxetex 2010/09/12 v0.6 Provides ifxetex conditional
)
\Gm@cnth=\count100
\Gm@cntv=\count101
\c@Gm@tempcnt=\count102
\Gm@bindingoffset=\dimen112
\Gm@wd@mp=\dimen113
\Gm@odd@mp=\dimen114
\Gm@even@mp=\dimen115
\Gm@layoutwidth=\dimen116
\Gm@layoutheight=\dimen117
\Gm@layouthoffset=\dimen118
\Gm@layoutvoffset=\dimen119
\Gm@dimlist=\toks20
) (/usr/local/texlive/2018/texmf-dist/tex/latex/psnfss/mathpazo.sty
Package: mathpazo 2005/04/12 PSNFSS-v9.2a Palatino w/ Pazo Math (D.Puga, WaS) 
\symupright=\mathgroup4
) (/usr/local/texlive/2018/texmf-dist/tex/latex/base/fontenc.sty
Package: fontenc 2017/04/05 v2.0i Standard LaTeX package
(/usr/local/texlive/2018/texmf-dist/tex/latex/base/t1enc.def
File: t1enc.def 2017/04/05 v2.0i Standard LaTeX file
LaTeX Font Info:    Redeclaring font encoding T1 on input line 48.
)) (/usr/local/texlive/2018/texmf-dist/tex/latex/base/inputenc.sty
Package: inputenc 2018/04/06 v1.3b Input encoding file
\inpenc@prehook=\toks21
\inpenc@posthook=\toks22
) (/usr/local/texlive/2018/texmf-dist/tex/latex/abstract/abstract.sty
Package: abstract 2009/06/08 v1.2a configurable abstracts
\abstitleskip=\skip46
\absleftindent=\skip47
\absrightindent=\skip48
\absparindent=\skip49
\absparsep=\skip50
) (/usr/local/texlive/2018/texmf-dist/tex/latex/tools/longtable.sty
Package: longtable 2014/10/28 v4.11 Multi-page Table package (DPC)
\LTleft=\skip51
\LTright=\skip52
\LTpre=\skip53
\LTpost=\skip54
\LTchunksize=\count103
\LTcapwidth=\dimen120
\LT@head=\box28
\LT@firsthead=\box29
\LT@foot=\box30
\LT@lastfoot=\box31
\LT@cols=\count104
\LT@rows=\count105
\c@LT@tables=\count106
\c@LT@chunks=\count107
\LT@p@ftn=\toks23
) (/usr/local/texlive/2018/texmf-dist/tex/latex/booktabs/booktabs.sty
Package: booktabs 2016/04/27 v1.618033 publication quality tables
\heavyrulewidth=\dimen121
\lightrulewidth=\dimen122
\cmidrulewidth=\dimen123
\belowrulesep=\dimen124
\belowbottomsep=\dimen125
\aboverulesep=\dimen126
\abovetopsep=\dimen127
\cmidrulesep=\dimen128
\cmidrulekern=\dimen129
\defaultaddspace=\dimen130
\@cmidla=\count108
\@cmidlb=\count109
\@aboverulesep=\dimen131
\@belowrulesep=\dimen132
\@thisruleclass=\count110
\@lastruleclass=\count111
\@thisrulewidth=\dimen133
) (/usr/local/texlive/2018/texmf-dist/tex/latex/graphics/graphicx.sty
Package: graphicx 2017/06/01 v1.1a Enhanced LaTeX Graphics (DPC,SPQR)
(/usr/local/texlive/2018/texmf-dist/tex/latex/graphics/graphics.sty
Package: graphics 2017/06/25 v1.2c Standard LaTeX Graphics (DPC,SPQR)
(/usr/local/texlive/2018/texmf-dist/tex/latex/graphics/trig.sty
Package: trig 2016/01/03 v1.10 sin cos tan (DPC)
) (/usr/local/texlive/2018/texmf-dist/tex/latex/graphics-cfg/graphics.cfg
File: graphics.cfg 2016/06/04 v1.11 sample graphics configuration
)
Package graphics Info: Driver file: pdftex.def on input line 99.
(/usr/local/texlive/2018/texmf-dist/tex/latex/graphics-def/pdftex.def
File: pdftex.def 2018/01/08 v1.0l Graphics/color driver for pdftex
))
\Gin@req@height=\dimen134
\Gin@req@width=\dimen135
) (/usr/local/texlive/2018/texmf-dist/tex/latex/oberdiek/grffile.sty
Package: grffile 2017/06/30 v1.18 Extended file name support for graphics (HO)
(/usr/local/texlive/2018/texmf-dist/tex/latex/oberdiek/kvoptions.sty
Package: kvoptions 2016/05/16 v3.12 Key value format for package options (HO)
(/usr/local/texlive/2018/texmf-dist/tex/generic/oberdiek/ltxcmds.sty
Package: ltxcmds 2016/05/16 v1.23 LaTeX kernel commands for general use (HO)
) (/usr/local/texlive/2018/texmf-dist/tex/generic/oberdiek/kvsetkeys.sty
Package: kvsetkeys 2016/05/16 v1.17 Key value parser (HO)
(/usr/local/texlive/2018/texmf-dist/tex/generic/oberdiek/infwarerr.sty
Package: infwarerr 2016/05/16 v1.4 Providing info/warning/error messages (HO)
) (/usr/local/texlive/2018/texmf-dist/tex/generic/oberdiek/etexcmds.sty
Package: etexcmds 2016/05/16 v1.6 Avoid name clashes with e-TeX commands (HO)
(/usr/local/texlive/2018/texmf-dist/tex/generic/oberdiek/ifluatex.sty
Package: ifluatex 2016/05/16 v1.4 Provides the ifluatex switch (HO)
Package ifluatex Info: LuaTeX not detected.
)
Package etexcmds Info: Could not find \expanded.
(etexcmds)             That can mean that you are not using pdfTeX 1.50 or
(etexcmds)             that some package has redefined \expanded.
(etexcmds)             In the latter case, load this package earlier.
))) (/usr/local/texlive/2018/texmf-dist/tex/generic/oberdiek/pdftexcmds.sty
Package: pdftexcmds 2018/01/30 v0.27 Utility functions of pdfTeX for LuaTeX (HO
)
Package pdftexcmds Info: LuaTeX not detected.
Package pdftexcmds Info: \pdf@primitive is available.
Package pdftexcmds Info: \pdf@ifprimitive is available.
Package pdftexcmds Info: \pdfdraftmode found.
)
Package grffile Info: Option `multidot' is set to `true'.
Package grffile Info: Option `extendedchars' is set to `false'.
Package grffile Info: Option `space' is set to `true'.
Package grffile Info: \Gin@ii of package `graphicx' fixed on input line 494.
) (/usr/local/texlive/2018/texmf-dist/tex/latex/titlesec/titlesec.sty
Package: titlesec 2016/03/21 v2.10.2 Sectioning titles
\ttl@box=\box32
\beforetitleunit=\skip55
\aftertitleunit=\skip56
\ttl@plus=\dimen136
\ttl@minus=\dimen137
\ttl@toksa=\toks24
\titlewidth=\dimen138
\titlewidthlast=\dimen139
\titlewidthfirst=\dimen140
) (/usr/local/texlive/2018/texmf-dist/tex/latex/natbib/natbib.sty
Package: natbib 2010/09/13 8.31b (PWD, AO)
\bibhang=\skip57
\bibsep=\skip58
LaTeX Info: Redefining \cite on input line 694.
\c@NAT@ctr=\count112
) (/usr/local/texlive/2018/texmf-dist/tex/latex/underscore/underscore.sty
Package: underscore 2006/09/13
LaTeX Info: Redefining \_ on input line 42.
)
\c@hypothesis=\count113
(/usr/local/texlive/2018/texmf-dist/tex/latex/setspace/setspace.sty
Package: setspace 2011/12/19 v6.7a set line spacing
) (/usr/local/texlive/2018/texmf-dist/tex/latex/hyperref/hyperref.sty
Package: hyperref 2018/02/06 v6.86b Hypertext links for LaTeX
(/usr/local/texlive/2018/texmf-dist/tex/generic/oberdiek/hobsub-hyperref.sty
Package: hobsub-hyperref 2016/05/16 v1.14 Bundle oberdiek, subset hyperref (HO)

(/usr/local/texlive/2018/texmf-dist/tex/generic/oberdiek/hobsub-generic.sty
Package: hobsub-generic 2016/05/16 v1.14 Bundle oberdiek, subset generic (HO)
Package: hobsub 2016/05/16 v1.14 Construct package bundles (HO)
Package hobsub Info: Skipping package `infwarerr' (already loaded).
Package hobsub Info: Skipping package `ltxcmds' (already loaded).
Package hobsub Info: Skipping package `ifluatex' (already loaded).
Package hobsub Info: Skipping package `ifvtex' (already loaded).
Package: intcalc 2016/05/16 v1.2 Expandable calculations with integers (HO)
Package hobsub Info: Skipping package `ifpdf' (already loaded).
Package hobsub Info: Skipping package `etexcmds' (already loaded).
Package hobsub Info: Skipping package `kvsetkeys' (already loaded).
Package: kvdefinekeys 2016/05/16 v1.4 Define keys (HO)
Package hobsub Info: Skipping package `pdftexcmds' (already loaded).
Package: pdfescape 2016/05/16 v1.14 Implements pdfTeX's escape features (HO)
Package: bigintcalc 2016/05/16 v1.4 Expandable calculations on big integers (HO
)
Package: bitset 2016/05/16 v1.2 Handle bit-vector datatype (HO)
Package: uniquecounter 2016/05/16 v1.3 Provide unlimited unique counter (HO)
)
Package hobsub Info: Skipping package `hobsub' (already loaded).
Package: letltxmacro 2016/05/16 v1.5 Let assignment for LaTeX macros (HO)
Package: hopatch 2016/05/16 v1.3 Wrapper for package hooks (HO)
Package: xcolor-patch 2016/05/16 xcolor patch
Package: atveryend 2016/05/16 v1.9 Hooks at the very end of document (HO)
Package atveryend Info: \enddocument detected (standard20110627).
Package: atbegshi 2016/06/09 v1.18 At begin shipout hook (HO)
Package: refcount 2016/05/16 v3.5 Data extraction from label references (HO)
Package: hycolor 2016/05/16 v1.8 Color options for hyperref/bookmark (HO)
) (/usr/local/texlive/2018/texmf-dist/tex/latex/oberdiek/auxhook.sty
Package: auxhook 2016/05/16 v1.4 Hooks for auxiliary files (HO)
)
\@linkdim=\dimen141
\Hy@linkcounter=\count114
\Hy@pagecounter=\count115
(/usr/local/texlive/2018/texmf-dist/tex/latex/hyperref/pd1enc.def
File: pd1enc.def 2018/02/06 v6.86b Hyperref: PDFDocEncoding definition (HO)
Now handling font encoding PD1 ...
... no UTF-8 mapping file for font encoding PD1
)
\Hy@SavedSpaceFactor=\count116
(/usr/local/texlive/2018/texmf-dist/tex/latex/latexconfig/hyperref.cfg
File: hyperref.cfg 2002/06/06 v1.2 hyperref configuration of TeXLive
)
Package hyperref Info: Option `unicode' set `true' on input line 4383.
(/usr/local/texlive/2018/texmf-dist/tex/latex/hyperref/puenc.def
File: puenc.def 2018/02/06 v6.86b Hyperref: PDF Unicode definition (HO)
Now handling font encoding PU ...
... no UTF-8 mapping file for font encoding PU
)
Package hyperref Info: Hyper figures OFF on input line 4509.
Package hyperref Info: Link nesting OFF on input line 4514.
Package hyperref Info: Hyper index ON on input line 4517.
Package hyperref Info: Plain pages OFF on input line 4524.
Package hyperref Info: Backreferencing OFF on input line 4529.
Package hyperref Info: Implicit mode ON; LaTeX internals redefined.
Package hyperref Info: Bookmarks ON on input line 4762.
\c@Hy@tempcnt=\count117
(/usr/local/texlive/2018/texmf-dist/tex/latex/url/url.sty
\Urlmuskip=\muskip11
Package: url 2013/09/16  ver 3.4  Verb mode for urls, etc.
)
LaTeX Info: Redefining \url on input line 5115.
\XeTeXLinkMargin=\dimen142
\Fld@menulength=\count118
\Field@Width=\dimen143
\Fld@charsize=\dimen144
Package hyperref Info: Hyper figures OFF on input line 6369.
Package hyperref Info: Link nesting OFF on input line 6374.
Package hyperref Info: Hyper index ON on input line 6377.
Package hyperref Info: backreferencing OFF on input line 6384.
Package hyperref Info: Link coloring OFF on input line 6389.
Package hyperref Info: Link coloring with OCG OFF on input line 6394.
Package hyperref Info: PDF/A mode OFF on input line 6399.
LaTeX Info: Redefining \ref on input line 6439.
LaTeX Info: Redefining \pageref on input line 6443.
\Hy@abspage=\count119
\c@Item=\count120
\c@Hfootnote=\count121
)
Package hyperref Info: Driver (autodetected): hpdftex.
(/usr/local/texlive/2018/texmf-dist/tex/latex/hyperref/hpdftex.def
File: hpdftex.def 2018/02/06 v6.86b Hyperref driver for pdfTeX
\Fld@listcount=\count122
\c@bookmark@seq@number=\count123
(/usr/local/texlive/2018/texmf-dist/tex/latex/oberdiek/rerunfilecheck.sty
Package: rerunfilecheck 2016/05/16 v1.8 Rerun checks for auxiliary files (HO)
Package uniquecounter Info: New unique counter `rerunfilecheck' on input line 2
82.
)
\Hy@SectionHShift=\skip59
) (/usr/local/texlive/2018/texmf-dist/tex/latex/graphics/color.sty
Package: color 2016/07/10 v1.1e Standard LaTeX Color (DPC)
(/usr/local/texlive/2018/texmf-dist/tex/latex/graphics-cfg/color.cfg
File: color.cfg 2016/01/02 v1.6 sample color configuration
)
Package color Info: Driver file: pdftex.def on input line 147.
(/usr/local/texlive/2018/texmf-dist/tex/latex/graphics/dvipsnam.def
File: dvipsnam.def 2016/06/17 v3.0m Driver-dependent file (DPC,SPQR)
))
Package hyperref Info: Option `breaklinks' set `true' on input line 108.

Package hyperref Warning: Option `bookmarks' has already been used,
(hyperref)                setting the option has no effect on input line 108.

Package hyperref Info: Option `colorlinks' set `true' on input line 108.
(/usr/local/texlive/2018/texmf-dist/tex/latex/tools/array.sty
Package: array 2018/04/07 v2.4g Tabular extension package (FMi)
\col@sep=\dimen145
\ar@mcellbox=\box33
\extrarowheight=\dimen146
\NC@list=\toks25
\extratabsurround=\skip60
\backup@length=\skip61
\ar@cellbox=\box34
) (/usr/local/texlive/2018/texmf-dist/tex/latex/multirow/multirow.sty
Package: multirow 2016/11/25 v2.2 Span multiple rows of a table
\multirow@colwidth=\skip62
\multirow@cntb=\count124
\multirow@dima=\skip63
\bigstrutjot=\dimen147
) (/usr/local/texlive/2018/texmf-dist/tex/latex/xcolor/xcolor.sty
Package: xcolor 2016/05/11 v2.12 LaTeX color extensions (UK)
(/usr/local/texlive/2018/texmf-dist/tex/latex/graphics-cfg/color.cfg
File: color.cfg 2016/01/02 v1.6 sample color configuration
)
Package xcolor Info: Driver file: pdftex.def on input line 225.
(/usr/local/texlive/2018/texmf-dist/tex/latex/colortbl/colortbl.sty
Package: colortbl 2012/02/13 v1.0a Color table columns (DPC)
\everycr=\toks26
\minrowclearance=\skip64
)
LaTeX Info: Redefining \color on input line 709.
\rownum=\count125
Package xcolor Info: Model `cmy' substituted by `cmy0' on input line 1348.
Package xcolor Info: Model `hsb' substituted by `rgb' on input line 1352.
Package xcolor Info: Model `RGB' extended on input line 1364.
Package xcolor Info: Model `HTML' substituted by `rgb' on input line 1366.
Package xcolor Info: Model `Hsb' substituted by `hsb' on input line 1367.
Package xcolor Info: Model `tHsb' substituted by `hsb' on input line 1368.
Package xcolor Info: Model `HSB' substituted by `hsb' on input line 1369.
Package xcolor Info: Model `Gray' substituted by `gray' on input line 1370.
Package xcolor Info: Model `wave' substituted by `hsb' on input line 1371.
) (/usr/local/texlive/2018/texmf-dist/tex/latex/wrapfig/wrapfig.sty
\wrapoverhang=\dimen148
\WF@size=\dimen149
\c@WF@wrappedlines=\count126
\WF@box=\box35
\WF@everypar=\toks27
Package: wrapfig 2003/01/31  v 3.6
) (/usr/local/texlive/2018/texmf-dist/tex/latex/float/float.sty
Package: float 2001/11/08 v1.3d Float enhancements (AL)
\c@float@type=\count127
\float@exts=\toks28
\float@box=\box36
\@float@everytoks=\toks29
\@floatcapt=\box37
) (/usr/local/texlive/2018/texmf-dist/tex/latex/oberdiek/pdflscape.sty
Package: pdflscape 2016/05/14 v0.11 Display of landscape pages in PDF (HO)
(/usr/local/texlive/2018/texmf-dist/tex/latex/graphics/lscape.sty
Package: lscape 2000/10/22 v3.01 Landscape Pages (DPC)
)
Package pdflscape Info: Auto-detected driver: pdftex on input line 81.
) (/usr/local/texlive/2018/texmf-dist/tex/latex/tabu/tabu.sty
Package: tabu 2011/02/26 v2.8 - flexible LaTeX tabulars (FC)
(/usr/local/texlive/2018/texmf-dist/tex/latex/varwidth/varwidth.sty
Package: varwidth 2009/03/30 ver 0.92;  Variable-width minipages
\@vwid@box=\box38
\sift@deathcycles=\count128
\@vwid@loff=\dimen150
\@vwid@roff=\dimen151
)
\c@taburow=\count129
\tabu@nbcols=\count130
\tabu@cnt=\count131
\tabu@Xcol=\count132
\tabu@alloc=\count133
\tabu@nested=\count134
\tabu@target=\dimen152
\tabu@spreadtarget=\dimen153
\tabu@naturalX=\dimen154
\tabucolX=\dimen155
\tabu@Xsum=\dimen156
\extrarowdepth=\dimen157
\abovetabulinesep=\dimen158
\belowtabulinesep=\dimen159
\tabustrutrule=\dimen160
\tabu@thebody=\toks30
\tabu@footnotes=\toks31
\tabu@box=\box39
\tabu@arstrutbox=\box40
\tabu@hleads=\box41
\tabu@vleads=\box42
\tabu@cellskip=\skip65
)
(/usr/local/texlive/2018/texmf-dist/tex/latex/threeparttable/threeparttable.sty
Package: threeparttable 2003/06/13  v 3.0
\@tempboxb=\box43
)
(/usr/local/texlive/2018/texmf-dist/tex/latex/threeparttablex/threeparttablex.s
ty
Package: threeparttablex 2013/07/23 v0.3 by daleif
(/usr/local/texlive/2018/texmf-dist/tex/latex/environ/environ.sty
Package: environ 2014/05/04 v0.3 A new way to define environments
(/usr/local/texlive/2018/texmf-dist/tex/latex/trimspaces/trimspaces.sty
Package: trimspaces 2009/09/17 v1.1 Trim spaces around a token list
))
\TPTL@width=\skip66
) (/usr/local/texlive/2018/texmf-dist/tex/generic/ulem/ulem.sty
\UL@box=\box44
\UL@hyphenbox=\box45
\UL@skip=\skip67
\UL@hook=\toks32
\UL@height=\dimen161
\UL@pe=\count135
\UL@pixel=\dimen162
\ULC@box=\box46
Package: ulem 2012/05/18
\ULdepth=\dimen163
) (/usr/local/texlive/2018/texmf-dist/tex/latex/makecell/makecell.sty
Package: makecell 2009/08/03 V0.1e Managing of Tab Column Heads and Cells
\rotheadsize=\dimen164
\c@nlinenum=\count136
\TeXr@lab=\toks33
) (/usr/local/texlive/2018/texmf-dist/tex/latex/subfig/subfig.sty
Package: subfig 2005/06/28 ver: 1.3 subfig package
(/usr/local/texlive/2018/texmf-dist/tex/latex/caption/caption.sty
Package: caption 2016/02/21 v3.3-144 Customizing captions (AR)
(/usr/local/texlive/2018/texmf-dist/tex/latex/caption/caption3.sty
Package: caption3 2016/05/22 v1.7-166 caption3 kernel (AR)
Package caption3 Info: TeX engine: e-TeX on input line 67.
\captionmargin=\dimen165
\captionmargin@=\dimen166
\captionwidth=\dimen167
\caption@tempdima=\dimen168
\caption@indent=\dimen169
\caption@parindent=\dimen170
\caption@hangindent=\dimen171
)
\c@ContinuedFloat=\count137
Package caption Info: float package is loaded.
Package caption Info: hyperref package is loaded.
Package caption Info: longtable package is loaded.
(/usr/local/texlive/2018/texmf-dist/tex/latex/caption/ltcaption.sty
Package: ltcaption 2013/06/09 v1.4-94 longtable captions (AR)
)
Package caption Info: threeparttable package is loaded.
Package caption Info: wrapfig package is loaded.
)
\c@KVtest=\count138
\sf@farskip=\skip68
\sf@captopadj=\dimen172
\sf@capskip=\skip69
\sf@nearskip=\skip70
\c@subfigure=\count139
\c@subfigure@save=\count140
\c@lofdepth=\count141
\c@subtable=\count142
\c@subtable@save=\count143
\c@lotdepth=\count144
\sf@top=\skip71
\sf@bottom=\skip72
) (./paper.aux

LaTeX Warning: Label `tab:topwordscomp' multiply defined.

)
\openout1 = `paper.aux'.

LaTeX Font Info:    Checking defaults for OML/cmm/m/it on input line 137.
LaTeX Font Info:    ... okay on input line 137.
LaTeX Font Info:    Checking defaults for T1/cmr/m/n on input line 137.
LaTeX Font Info:    ... okay on input line 137.
LaTeX Font Info:    Checking defaults for OT1/cmr/m/n on input line 137.
LaTeX Font Info:    ... okay on input line 137.
LaTeX Font Info:    Checking defaults for OMS/cmsy/m/n on input line 137.
LaTeX Font Info:    ... okay on input line 137.
LaTeX Font Info:    Checking defaults for OMX/cmex/m/n on input line 137.
LaTeX Font Info:    ... okay on input line 137.
LaTeX Font Info:    Checking defaults for U/cmr/m/n on input line 137.
LaTeX Font Info:    ... okay on input line 137.
LaTeX Font Info:    Checking defaults for PD1/pdf/m/n on input line 137.
LaTeX Font Info:    ... okay on input line 137.
LaTeX Font Info:    Checking defaults for PU/pdf/m/n on input line 137.
LaTeX Font Info:    ... okay on input line 137.
LaTeX Font Info:    Try loading font information for T1+ppl on input line 137.
(/usr/local/texlive/2018/texmf-dist/tex/latex/psnfss/t1ppl.fd
File: t1ppl.fd 2001/06/04 font definitions for T1/ppl.
)
*geometry* driver: auto-detecting
*geometry* detected driver: pdftex
*geometry* verbose mode - [ preamble ] result:
* driver: pdftex
* paper: <default>
* layout: <same size as paper>
* layoutoffset:(h,v)=(0.0pt,0.0pt)
* modes: 
* h-part:(L,W,R)=(72.26999pt, 469.75502pt, 72.26999pt)
* v-part:(T,H,B)=(72.26999pt, 650.43001pt, 72.26999pt)
* \paperwidth=614.295pt
* \paperheight=794.96999pt
* \textwidth=469.75502pt
* \textheight=650.43001pt
* \oddsidemargin=0.0pt
* \evensidemargin=0.0pt
* \topmargin=-37.0pt
* \headheight=12.0pt
* \headsep=25.0pt
* \topskip=12.0pt
* \footskip=30.0pt
* \marginparwidth=44.0pt
* \marginparsep=10.0pt
* \columnsep=10.0pt
* \skip\footins=10.8pt plus 4.0pt minus 2.0pt
* \hoffset=0.0pt
* \voffset=0.0pt
* \mag=1000
* \@twocolumnfalse
* \@twosidefalse
* \@mparswitchfalse
* \@reversemarginfalse
* (1in=72.27pt=25.4mm, 1cm=28.453pt)

(/usr/local/texlive/2018/texmf-dist/tex/context/base/mkii/supp-pdf.mkii
[Loading MPS to PDF converter (version 2006.09.02).]
\scratchcounter=\count145
\scratchdimen=\dimen173
\scratchbox=\box47
\nofMPsegments=\count146
\nofMParguments=\count147
\everyMPshowfont=\toks34
\MPscratchCnt=\count148
\MPscratchDim=\dimen174
\MPnumerator=\count149
\makeMPintoPDFobject=\count150
\everyMPtoPDFconversion=\toks35
) (/usr/local/texlive/2018/texmf-dist/tex/latex/oberdiek/epstopdf-base.sty
Package: epstopdf-base 2016/05/15 v2.6 Base part for package epstopdf
(/usr/local/texlive/2018/texmf-dist/tex/latex/oberdiek/grfext.sty
Package: grfext 2016/05/16 v1.2 Manage graphics extensions (HO)
)
Package epstopdf-base Info: Redefining graphics rule for `.eps' on input line 4
38.
Package grfext Info: Graphics extension search list:
(grfext)             [.pdf,.png,.jpg,.mps,.jpeg,.jbig2,.jb2,.PDF,.PNG,.JPG,.JPE
G,.JBIG2,.JB2,.eps]
(grfext)             \AppendGraphicsExtensions on input line 456.
(/usr/local/texlive/2018/texmf-dist/tex/latex/latexconfig/epstopdf-sys.cfg
File: epstopdf-sys.cfg 2010/07/13 v1.3 Configuration of (r)epstopdf for TeX Liv
e
))
\AtBeginShipoutBox=\box48
Package hyperref Info: Link coloring ON on input line 137.
(/usr/local/texlive/2018/texmf-dist/tex/latex/hyperref/nameref.sty
Package: nameref 2016/05/21 v2.44 Cross-referencing by name of section
(/usr/local/texlive/2018/texmf-dist/tex/generic/oberdiek/gettitlestring.sty
Package: gettitlestring 2016/05/16 v1.5 Cleanup title references (HO)
)
\c@section@level=\count151
)
LaTeX Info: Redefining \ref on input line 137.
LaTeX Info: Redefining \pageref on input line 137.
LaTeX Info: Redefining \nameref on input line 137.
(./paper.out) (./paper.out)
\@outlinefile=\write3
\openout3 = `paper.out'.

Package caption Info: Begin \AtBeginDocument code.
Package caption Info: subfig package v1.3 is loaded.
Package caption Info: End \AtBeginDocument code.
LaTeX Font Info:    Calculating math sizes for size <18> on input line 148.
LaTeX Font Info:    Try loading font information for OT1+ppl on input line 148.

(/usr/local/texlive/2018/texmf-dist/tex/latex/psnfss/ot1ppl.fd
File: ot1ppl.fd 2001/06/04 font definitions for OT1/ppl.
)
LaTeX Font Info:    Try loading font information for OML+zplm on input line 148
.
(/usr/local/texlive/2018/texmf-dist/tex/latex/psnfss/omlzplm.fd
File: omlzplm.fd 2002/09/08 Fontinst v1.914 font definitions for OML/zplm.
)
LaTeX Font Info:    Try loading font information for OMS+zplm on input line 148
.
(/usr/local/texlive/2018/texmf-dist/tex/latex/psnfss/omszplm.fd
File: omszplm.fd 2002/09/08 Fontinst v1.914 font definitions for OMS/zplm.
)
LaTeX Font Info:    Try loading font information for OMX+zplm on input line 148
.
(/usr/local/texlive/2018/texmf-dist/tex/latex/psnfss/omxzplm.fd
File: omxzplm.fd 2002/09/08 Fontinst v1.914 font definitions for OMX/zplm.
)
LaTeX Font Info:    Try loading font information for OT1+zplm on input line 148
.
(/usr/local/texlive/2018/texmf-dist/tex/latex/psnfss/ot1zplm.fd
File: ot1zplm.fd 2002/09/08 Fontinst v1.914 font definitions for OT1/zplm.
)
LaTeX Font Info:    Try loading font information for OMS+ppl on input line 148.

(/usr/local/texlive/2018/texmf-dist/tex/latex/psnfss/omsppl.fd
File: omsppl.fd 
)
LaTeX Font Info:    Font shape `OMS/ppl/m/n' in size <13.6799> not available
(Font)              Font shape `OMS/cmsy/m/n' tried instead on input line 148.

LaTeX Font Warning: Font shape `OMS/cmsy/m/n' in size <13.6799> not available
(Font)              size <14.4> substituted on input line 148.

LaTeX Font Info:    Font shape `OMS/ppl/m/n' in size <7.6> not available
(Font)              Font shape `OMS/cmsy/m/n' tried instead on input line 148.
LaTeX Font Info:    Font shape `T1/ppl/bx/n' in size <11> not available
(Font)              Font shape `T1/ppl/b/n' tried instead on input line 153.
LaTeX Font Info:    Try loading font information for T1+phv on input line 153.
(/usr/local/texlive/2018/texmf-dist/tex/latex/psnfss/t1phv.fd
File: t1phv.fd 2001/06/04 scalable font definitions for T1/phv.
)
LaTeX Font Info:    Font shape `T1/phv/bx/n' in size <11> not available
(Font)              Font shape `T1/phv/b/n' tried instead on input line 153.
LaTeX Font Info:    Font shape `T1/ppl/bx/n' in size <12> not available
(Font)              Font shape `T1/ppl/b/n' tried instead on input line 188.
[1

{/usr/local/texlive/2018/texmf-var/fonts/map/pdftex/updmap/pdftex.map}] [2] [3]
LaTeX Font Info:    Try loading font information for T1+cmtt on input line 213.

(/usr/local/texlive/2018/texmf-dist/tex/latex/base/t1cmtt.fd
File: t1cmtt.fd 2014/09/29 v2.5h Standard LaTeX font definitions
) [4] [5] [6] [7]

LaTeX Warning: Reference `tab:topwords' on page 8 undefined on input line 316.

[8] [9]
<../../figures/topics_example.png, id=318, 844.15375pt x 853.1875pt>
File: ../../figures/topics_example.png Graphic file (type png)
<use ../../figures/topics_example.png>
Package pdftex.def Info: ../../figures/topics_example.png  used on input line 4
36.
(pdftex.def)             Requested size: 469.76031pt x 474.78748pt.
<../../figures/topics_examples_three.pdf, id=321, 433.62pt x 578.16pt>
File: ../../figures/topics_examples_three.pdf Graphic file (type pdf)
<use ../../figures/topics_examples_three.pdf>
Package pdftex.def Info: ../../figures/topics_examples_three.pdf  used on input
 line 442.
(pdftex.def)             Requested size: 433.63878pt x 578.18504pt.

LaTeX Warning: Reference `tab:topwords' on page 10 undefined on input line 449.


[10] [11 <../../figures/topics_example.png>] [12 <../../figures/topics_examples
_three.pdf>]
<../../figures/war_stack.pdf, id=352, 722.7pt x 578.16pt>
File: ../../figures/war_stack.pdf Graphic file (type pdf)
<use ../../figures/war_stack.pdf>
Package pdftex.def Info: ../../figures/war_stack.pdf  used on input line 462.
(pdftex.def)             Requested size: 469.76045pt x 375.80836pt.
[13] [14 <../../figures/war_stack.pdf>]
<../../figures/mu_gov.pdf, id=385, 578.16pt x 361.35pt>
File: ../../figures/mu_gov.pdf Graphic file (type pdf)
<use ../../figures/mu_gov.pdf>
Package pdftex.def Info: ../../figures/mu_gov.pdf  used on input line 558.
(pdftex.def)             Requested size: 469.75385pt x 293.59616pt.
<../../figures/mu_election.pdf, id=386, 578.16pt x 361.35pt>
File: ../../figures/mu_election.pdf Graphic file (type pdf)
<use ../../figures/mu_election.pdf>
Package pdftex.def Info: ../../figures/mu_election.pdf  used on input line 562.

(pdftex.def)             Requested size: 469.75385pt x 293.59616pt.
[15] [16 <../../figures/mu_gov.pdf> <../../figures/mu_election.pdf>] [17]
<../../figures/mu_election-differences.pdf, id=416, 578.16pt x 722.7pt>
File: ../../figures/mu_election-differences.pdf Graphic file (type pdf)
<use ../../figures/mu_election-differences.pdf>
Package pdftex.def Info: ../../figures/mu_election-differences.pdf  used on inp
ut line 584.
(pdftex.def)             Requested size: 469.75385pt x 587.1923pt.

LaTeX Warning: Reference `tab:keyeventsresultstable' on page 18 undefined on in
put line 593.

[18] [19 <../../figures/mu_election-differences.pdf>] [20] [21]
<../../figures/example_hansard_page.png, id=460, 555.07375pt x 844.15375pt>
File: ../../figures/example_hansard_page.png Graphic file (type png)
<use ../../figures/example_hansard_page.png>
Package pdftex.def Info: ../../figures/example_hansard_page.png  used on input 
line 634.
(pdftex.def)             Requested size: 305.34232pt x 464.36328pt.
[22 <../../figures/example_hansard_page.png>]
<../../figures/counts_by_year.pdf, id=471, 578.16pt x 433.62pt>
File: ../../figures/counts_by_year.pdf Graphic file (type pdf)
<use ../../figures/counts_by_year.pdf>
Package pdftex.def Info: ../../figures/counts_by_year.pdf  used on input line 6
52.
(pdftex.def)             Requested size: 469.75385pt x 352.31538pt.
<../../figures/sitting_dates_all.pdf, id=473, 722.7pt x 867.24pt>
File: ../../figures/sitting_dates_all.pdf Graphic file (type pdf)
<use ../../figures/sitting_dates_all.pdf>
Package pdftex.def Info: ../../figures/sitting_dates_all.pdf  used on input lin
e 663.
(pdftex.def)             Requested size: 469.76045pt x 563.71257pt.
<../../figures/sitting_dates_before_1920.pdf, id=476, 433.62pt x 289.08pt>
File: ../../figures/sitting_dates_before_1920.pdf Graphic file (type pdf)
<use ../../figures/sitting_dates_before_1920.pdf>
Package pdftex.def Info: ../../figures/sitting_dates_before_1920.pdf  used on i
nput line 669.
(pdftex.def)             Requested size: 433.63878pt x 289.09251pt.
[23 <../../figures/counts_by_year.pdf>] [24 <../../figures/sitting_dates_all.pd
f>]
<../../figures/sitting_dates_from_2000.pdf, id=503, 433.62pt x 289.08pt>
File: ../../figures/sitting_dates_from_2000.pdf Graphic file (type pdf)
<use ../../figures/sitting_dates_from_2000.pdf>
Package pdftex.def Info: ../../figures/sitting_dates_from_2000.pdf  used on inp
ut line 673.
(pdftex.def)             Requested size: 433.63878pt x 289.09251pt.
[25 <../../figures/sitting_dates_before_1920.pdf>]
<../../figures/differences_by_year.pdf, id=518, 578.16pt x 433.62pt>
File: ../../figures/differences_by_year.pdf Graphic file (type pdf)
<use ../../figures/differences_by_year.pdf>
Package pdftex.def Info: ../../figures/differences_by_year.pdf  used on input l
ine 690.
(pdftex.def)             Requested size: 469.75385pt x 352.31538pt.
[26 <../../figures/sitting_dates_from_2000.pdf>] [27 <../../figures/differences
_by_year.pdf>] [28]
<../../figures/stop_words.pdf, id=547, 578.16pt x 433.62pt>
File: ../../figures/stop_words.pdf Graphic file (type pdf)
<use ../../figures/stop_words.pdf>
Package pdftex.def Info: ../../figures/stop_words.pdf  used on input line 732.
(pdftex.def)             Requested size: 469.75385pt x 352.31538pt.
[29 <../../figures/stop_words.pdf>]
<paper_files/figure-latex/topicsoverdocuments-1.pdf, id=564, 453.695pt x 279.04
25pt>
File: paper_files/figure-latex/topicsoverdocuments-1.pdf Graphic file (type pdf
)
<use paper_files/figure-latex/topicsoverdocuments-1.pdf>
Package pdftex.def Info: paper_files/figure-latex/topicsoverdocuments-1.pdf  us
ed on input line 749.
(pdftex.def)             Requested size: 453.6939pt x 279.04181pt.
<paper_files/figure-latex/topicsoverterms-1.pdf, id=566, 453.695pt x 279.0425pt
>
File: paper_files/figure-latex/topicsoverterms-1.pdf Graphic file (type pdf)
<use paper_files/figure-latex/topicsoverterms-1.pdf>
Package pdftex.def Info: paper_files/figure-latex/topicsoverterms-1.pdf  used o
n input line 757.
(pdftex.def)             Requested size: 453.6939pt x 279.04181pt.
[30 <./paper_files/figure-latex/topicsoverdocuments-1.pdf>] [31 <./paper_files/
figure-latex/topicsoverterms-1.pdf>]
Overfull \hbox (2.94888pt too wide) in paragraph at lines 782--784
\T1/ppl/m/n/12 multi-no-mial dis-tri-bu-tion over top-ics in that doc-u-ment, $
\OML/zplm/m/it/12 z[] \OMS/zplm/m/n/12 ^^X []\OT1/zplm/m/n/12 (\OML/zplm/m/it/1
2 ^^R[]\OT1/zplm/m/n/12 )$\T1/ppl/m/n/12 . 
 []

[32]
Overfull \hbox (1.0837pt too wide) in paragraph at lines 809--810
\T1/ppl/m/n/12 as-signed to that topic pre-vi-ously, and how com-mon the topic 
is in that doc-u-ment ([][]Steyvers
 []

[33]
<../../figures/diagnostics_for_k.pdf, id=657, 578.16pt x 433.62pt>
File: ../../figures/diagnostics_for_k.pdf Graphic file (type pdf)
<use ../../figures/diagnostics_for_k.pdf>
Package pdftex.def Info: ../../figures/diagnostics_for_k.pdf  used on input lin
e 823.
(pdftex.def)             Requested size: 469.75385pt x 352.31538pt.
[34 <../../figures/diagnostics_for_k.pdf>]
<../../figures/exclusivity_vs_coherence.pdf, id=686, 578.16pt x 433.62pt>
File: ../../figures/exclusivity_vs_coherence.pdf Graphic file (type pdf)
<use ../../figures/exclusivity_vs_coherence.pdf>
Package pdftex.def Info: ../../figures/exclusivity_vs_coherence.pdf  used on in
put line 829.
(pdftex.def)             Requested size: 469.75385pt x 352.31538pt.
[35] [36 <../../figures/exclusivity_vs_coherence.pdf>] [37]
<../../figures/topics_example-GreatD.pdf, id=725, 578.16pt x 433.62pt>
File: ../../figures/topics_example-GreatD.pdf Graphic file (type pdf)
<use ../../figures/topics_example-GreatD.pdf>
Package pdftex.def Info: ../../figures/topics_example-GreatD.pdf  used on input
 line 853.
(pdftex.def)             Requested size: 469.75385pt x 352.31538pt.
<../../figures/topics_example-the80s.pdf, id=730, 578.16pt x 433.62pt>
File: ../../figures/topics_example-the80s.pdf Graphic file (type pdf)
<use ../../figures/topics_example-the80s.pdf>
Package pdftex.def Info: ../../figures/topics_example-the80s.pdf  used on input
 line 861.
(pdftex.def)             Requested size: 469.75385pt x 352.31538pt.

Overfull \hbox (42.44708pt too wide) in paragraph at lines 864--865
\T1/ppl/m/n/12 Sen-ate that the pro-por-tion of eco-nomic top-ics ac-counts for
. The em-pha-sis that the Hawke/Keating
 []

<../../figures/topics_example-GFC.pdf, id=732, 578.16pt x 433.62pt>
File: ../../figures/topics_example-GFC.pdf Graphic file (type pdf)
<use ../../figures/topics_example-GFC.pdf>
Package pdftex.def Info: ../../figures/topics_example-GFC.pdf  used on input li
ne 869.
(pdftex.def)             Requested size: 469.75385pt x 352.31538pt.
[38 <../../figures/topics_example-GreatD.pdf>] [39 <../../figures/topics_exampl
e-the80s.pdf>] [40 <../../figures/topics_example-GFC.pdf>] [41] [42]
Overfull \hbox (34.17764pt too wide) in alignment at lines 975--1001
 [] [] [] [] [] [] [] [] 
 []


Overfull \hbox (34.17764pt too wide) in alignment at lines 1001--1025
 [] [] [] [] [] [] [] [] 
 []

[43] [44] (./paper.bbl [45] [46] [47])
Package atveryend Info: Empty hook `BeforeClearDocument' on input line 1045.
[48]
Package atveryend Info: Empty hook `AfterLastShipout' on input line 1045.
(./paper.aux)
Package atveryend Info: Executing hook `AtVeryEndDocument' on input line 1045.
Package atveryend Info: Executing hook `AtEndAfterFileList' on input line 1045.

Package rerunfilecheck Info: File `paper.out' has not changed.
(rerunfilecheck)             Checksum: 4D2DC46C0A1994533A13E06C524A5E1F;4663.

LaTeX Font Warning: Size substitutions with differences
(Font)              up to 0.7201pt have occurred.


LaTeX Warning: There were undefined references.


LaTeX Warning: There were multiply-defined labels.

Package atveryend Info: Empty hook `AtVeryVeryEnd' on input line 1045.
 ) 
Here is how much of TeX's memory you used:
 14323 strings out of 492649
 208719 string characters out of 6129622
 321279 words of memory out of 5000000
 17747 multiletter control sequences out of 15000+600000
 64858 words of font info for 143 fonts, out of 8000000 for 9000
 1141 hyphenation exceptions out of 8191
 44i,11n,49p,1996b,514s stack positions out of 5000i,500n,10000p,200000b,80000s
{/usr/local/texlive/2018/texmf-dist/fonts/enc/dvips/cm-super/cm-super-t1.enc}
{/usr/local/texlive/2018/texmf-dist/fonts/enc/dvips/base/8r.enc}</usr/local/tex
live/2018/texmf-dist/fonts/type1/public/amsfonts/cm/cmex10.pfb></usr/local/texl
ive/2018/texmf-dist/fonts/type1/public/amsfonts/cm/cmmi10.pfb></usr/local/texli
ve/2018/texmf-dist/fonts/type1/public/amsfonts/cm/cmr10.pfb></usr/local/texlive
/2018/texmf-dist/fonts/type1/public/amsfonts/cm/cmsy10.pfb></usr/local/texlive/
2018/texmf-dist/fonts/type1/public/amsfonts/cm/cmsy8.pfb></usr/local/texlive/20
18/texmf-dist/fonts/type1/public/mathpazo/fplmbi.pfb></usr/local/texlive/2018/t
exmf-dist/fonts/type1/public/mathpazo/fplmr.pfb></usr/local/texlive/2018/texmf-
dist/fonts/type1/public/mathpazo/fplmri.pfb></usr/local/texlive/2018/texmf-dist
/fonts/type1/public/cm-super/sftt1000.pfb></usr/local/texlive/2018/texmf-dist/f
onts/type1/public/cm-super/sftt1200.pfb></usr/local/texlive/2018/texmf-dist/fon
ts/type1/urw/helvetic/uhvb8a.pfb></usr/local/texlive/2018/texmf-dist/fonts/type
1/urw/palatino/uplb8a.pfb></usr/local/texlive/2018/texmf-dist/fonts/type1/urw/p
alatino/uplr8a.pfb></usr/local/texlive/2018/texmf-dist/fonts/type1/urw/palatino
/uplri8a.pfb>
Output written on paper.pdf (48 pages, 2674944 bytes).
PDF statistics:
 911 PDF objects out of 1000 (max. 8388607)
 797 compressed objects within 8 object streams
 204 named destinations out of 1000 (max. 500000)
 333 words of extra memory for PDF output out of 10000 (max. 10000000)

